[35m[Appium][39m Welcome to Appium v1.22.3
[35m[Appium][39m Non-default server args:
[35m[Appium][39m   port: 59604
[35m[Appium][39m   loglevel: info
[35m[Appium][39m   tmpDir: /var/folders/08/qb53wnd15kqgs8zr4ld7181c0000gn/T//Katalon/Appium/Temp1694375782838
[35m[Appium][39m   chromedriverPort: 59605
[35m[Appium][39m Deprecated server args:
[35m[Appium][39m   [31m--chromedriver-port[39m => --default-capabilities
[35m[Appium][39m Default capabilities, which will be added to each request unless overridden by desired capabilities:
[35m[Appium][39m   chromedriverPort: 59605
[35m[Appium][39m Appium REST http interface listener started on 0.0.0.0:59604
[35m[HTTP][39m [37m-->[39m [37mGET[39m [37m/wd/hub/status[39m
[35m[HTTP][39m [90m{}[39m
[35m[HTTP][39m [37m<-- GET /wd/hub/status [39m[32m200[39m [90m3 ms - 68[39m
[35m[HTTP][39m [90m[39m
[35m[HTTP][39m [37m-->[39m [37mGET[39m [37m/wd/hub/status[39m
[35m[HTTP][39m [90m{}[39m
[35m[HTTP][39m [37m<-- GET /wd/hub/status [39m[32m200[39m [90m0 ms - 68[39m
[35m[HTTP][39m [90m[39m
[35m[HTTP][39m [37m-->[39m [37mPOST[39m [37m/wd/hub/session[39m
[35m[HTTP][39m [90m{"desiredCapabilities":{"appActivity":".Settings","appPackage":"com.android.settings","newCommandTimeout":1800,"platformVersion":"13","automationName":"uiautomator2","autoGrantPermissions":true,"platformName":"Android","udid":"10DCA704Q50006C","deviceName":"vivo V2201 (Android 13)","platform":"ANDROID","systemPort":8293},"capabilities":{"firstMatch":[{"appium:appActivity":".Settings","appium:appPackage":"com.android.settings","appium:autoGrantPermissions":true,"appium:automationName":"uiautomator2","appium:deviceName":"vivo V2201 (Android 13)","appium:newCommandTimeout":1800,"platform":"ANDROID","platformName":"android","appium:platformVersion":"13","appium:systemPort":8293,"appium:udid":"10DCA704Q50006C"}]}}[39m
[35m[BaseDriver][39m The following capabilities are not standard capabilities and should have an extension prefix:
[35m[BaseDriver][39m   platform
[35m[BaseDriver][39m   chromedriverPort
[35m[Appium][39m Appium v1.22.3 creating new AndroidUiautomator2Driver (v1.70.1) session
[35m[BaseDriver][39m The following capabilities were provided, but are not recognized by Appium:
[35m[BaseDriver][39m   platform
[35m[BaseDriver][39m Session created with session id: 2a82655d-41d8-4354-a828-e9be1aa8e1ad
[35m[UiAutomator2][39m Starting 'com.android.settings' directly on the device
[35m[ADB][39m Found 1 'build-tools' folders under '/Users/santitri1205/.katalon/tools/android_sdk' (newest first):
[35m[ADB][39m     /Users/santitri1205/.katalon/tools/android_sdk/build-tools/29.0.3
[35m[ADB][39m Using 'adb' from '/Users/santitri1205/.katalon/tools/android_sdk/platform-tools/adb'
[35m[AndroidDriver][39m Retrieving device list
[35m[AndroidDriver][39m Using device: 10DCA704Q50006C
[35m[ADB][39m Using 'adb' from '/Users/santitri1205/.katalon/tools/android_sdk/platform-tools/adb'
[35m[ADB][39m Getting device platform version
[35m[UiAutomator2][39m Relaxing hidden api policy
[35m[AndroidDriver][39m No app sent in, not parsing package/activity
[35m[ADB][39m Using 'apksigner.jar' from '/Users/santitri1205/.katalon/tools/android_sdk/build-tools/29.0.3/lib/apksigner.jar'
[35m[ADB][39m '/opt/homebrew/lib/node_modules/appium/node_modules/appium-uiautomator2-server/apks/appium-uiautomator2-server-v4.27.0.apk' is signed with the default certificate
[35m[ADB][39m '/opt/homebrew/lib/node_modules/appium/node_modules/appium-uiautomator2-server/apks/appium-uiautomator2-server-debug-androidTest.apk' is signed with the default certificate
[35m[UiAutomator2][39m Server packages are not going to be (re)installed
[35m[ADB][39m Adding packages ["io.appium.settings","io.appium.uiautomator2.server","io.appium.uiautomator2.server.test"] to Doze whitelist
[35m[UiAutomator2][39m Starting UIAutomator2 server 4.27.0
[35m[UiAutomator2][39m Using UIAutomator2 server from '/opt/homebrew/lib/node_modules/appium/node_modules/appium-uiautomator2-server/apks/appium-uiautomator2-server-v4.27.0.apk' and test from '/opt/homebrew/lib/node_modules/appium/node_modules/appium-uiautomator2-server/apks/appium-uiautomator2-server-debug-androidTest.apk'
[35m[UiAutomator2][39m Waiting up to 30000ms for UiAutomator2 to be online...
[35m[WD Proxy][39m socket hang up
[35m[WD Proxy][39m socket hang up
[35m[WD Proxy][39m Determined the downstream protocol as 'W3C'
[35m[AndroidDriver][39m Screen already unlocked, doing nothing
[35m[UiAutomator2][39m Starting 'com.android.settings/.Settings and waiting for 'com.android.settings/.Settings'
[35m[Appium][39m New AndroidUiautomator2Driver session created successfully, session 2a82655d-41d8-4354-a828-e9be1aa8e1ad added to master session list
[35m[HTTP][39m [37m<-- POST /wd/hub/session [39m[32m200[39m [90m9170 ms - 1161[39m
[35m[HTTP][39m [90m[39m
[35m[HTTP][39m [37m-->[39m [37mGET[39m [37m/wd/hub/session/2a82655d-41d8-4354-a828-e9be1aa8e1ad[39m
[35m[HTTP][39m [90m{}[39m
[35m[HTTP][39m [37m<-- GET /wd/hub/session/2a82655d-41d8-4354-a828-e9be1aa8e1ad [39m[32m200[39m [90m25 ms - 1115[39m
[35m[HTTP][39m [90m[39m
[35m[HTTP][39m [37m-->[39m [37mGET[39m [37m/wd/hub/session/2a82655d-41d8-4354-a828-e9be1aa8e1ad[39m
[35m[HTTP][39m [90m{}[39m
[35m[HTTP][39m [37m<-- GET /wd/hub/session/2a82655d-41d8-4354-a828-e9be1aa8e1ad [39m[32m200[39m [90m7 ms - 1115[39m
[35m[HTTP][39m [90m[39m
[35m[HTTP][39m [37m-->[39m [37mGET[39m [37m/wd/hub/status[39m
[35m[HTTP][39m [90m{}[39m
[35m[HTTP][39m [37m<-- GET /wd/hub/status [39m[32m200[39m [90m0 ms - 68[39m
[35m[HTTP][39m [90m[39m
[35m[HTTP][39m [37m-->[39m [37mPOST[39m [37m/wd/hub/session/2a82655d-41d8-4354-a828-e9be1aa8e1ad/timeouts[39m
[35m[HTTP][39m [90m{"implicit":60000}[39m
[35m[HTTP][39m [37m<-- POST /wd/hub/session/2a82655d-41d8-4354-a828-e9be1aa8e1ad/timeouts [39m[32m200[39m [90m1 ms - 14[39m
[35m[HTTP][39m [90m[39m
[35m[HTTP][39m [37m-->[39m [37mGET[39m [37m/wd/hub/session/2a82655d-41d8-4354-a828-e9be1aa8e1ad/screenshot[39m
[35m[HTTP][39m [90m{}[39m
[35m[HTTP][39m [37m<-- GET /wd/hub/session/2a82655d-41d8-4354-a828-e9be1aa8e1ad/screenshot [39m[32m200[39m [90m429 ms - 231168[39m
[35m[HTTP][39m [90m[39m
[35m[HTTP][39m [37m-->[39m [37mGET[39m [37m/wd/hub/session/2a82655d-41d8-4354-a828-e9be1aa8e1ad/window/rect[39m
[35m[HTTP][39m [90m{}[39m
[35m[HTTP][39m [37m<-- GET /wd/hub/session/2a82655d-41d8-4354-a828-e9be1aa8e1ad/window/rect [39m[32m200[39m [90m10 ms - 50[39m
[35m[HTTP][39m [90m[39m
[35m[HTTP][39m [37m-->[39m [37mGET[39m [37m/wd/hub/session/2a82655d-41d8-4354-a828-e9be1aa8e1ad/appium/device/system_bars[39m
[35m[HTTP][39m [90m{}[39m
[35m[HTTP][39m [37m<-- GET /wd/hub/session/2a82655d-41d8-4354-a828-e9be1aa8e1ad/appium/device/system_bars [39m[32m200[39m [90m144 ms - 145[39m
[35m[HTTP][39m [90m[39m
[35m[HTTP][39m [37m-->[39m [37mPOST[39m [37m/wd/hub/session/2a82655d-41d8-4354-a828-e9be1aa8e1ad/appium/device/activate_app[39m
[35m[HTTP][39m [90m{"bundleId":"com.example.mikebanks.bankscorpfinancial"}[39m
[35m[HTTP][39m [37m<-- POST /wd/hub/session/2a82655d-41d8-4354-a828-e9be1aa8e1ad/appium/device/activate_app [39m[32m200[39m [90m453 ms - 14[39m
[35m[HTTP][39m [90m[39m
[35m[HTTP][39m [37m-->[39m [37mGET[39m [37m/wd/hub/session/2a82655d-41d8-4354-a828-e9be1aa8e1ad/source[39m
[35m[HTTP][39m [90m{}[39m
[35m[W3C (2a82655d)][39m Driver proxy active, passing request on via HTTP proxy
[35m[WD Proxy][39m Replacing sessionId 5c76485c-9bf9-4ab5-a379-76efa9f16497 with 2a82655d-41d8-4354-a828-e9be1aa8e1ad
[35m[HTTP][39m [37m<-- GET /wd/hub/session/2a82655d-41d8-4354-a828-e9be1aa8e1ad/source [39m[32m200[39m [90m1377 ms - 39622[39m
[35m[HTTP][39m [90m[39m
[35m[HTTP][39m [37m-->[39m [37mGET[39m [37m/wd/hub/session/2a82655d-41d8-4354-a828-e9be1aa8e1ad/screenshot[39m
[35m[HTTP][39m [90m{}[39m
[35m[HTTP][39m [37m<-- GET /wd/hub/session/2a82655d-41d8-4354-a828-e9be1aa8e1ad/screenshot [39m[32m200[39m [90m472 ms - 407862[39m
[35m[HTTP][39m [90m[39m
[35m[HTTP][39m [37m-->[39m [37mPOST[39m [37m/wd/hub/session/2a82655d-41d8-4354-a828-e9be1aa8e1ad/elements[39m
[35m[HTTP][39m [90m{"using":"xpath","value":"//*[@class = 'android.widget.TextView' and (@text = 'Amount: $500.00' or . = 'Amount: $500.00') and @resource-id = 'com.example.mikebanks.bankscorpfinancial:id/txt_transaction_amount']"}[39m
[35m[HTTP][39m [37m<-- POST /wd/hub/session/2a82655d-41d8-4354-a828-e9be1aa8e1ad/elements [39m[32m200[39m [90m393 ms - 267[39m
[35m[HTTP][39m [90m[39m
[35m[HTTP][39m [37m-->[39m [37mPOST[39m [37m/wd/hub/session/2a82655d-41d8-4354-a828-e9be1aa8e1ad/elements[39m
[35m[HTTP][39m [90m{"using":"id","value":"com.example.mikebanks.bankscorpfinancial:id/txt_transaction_amount"}[39m
[35m[HTTP][39m [37m<-- POST /wd/hub/session/2a82655d-41d8-4354-a828-e9be1aa8e1ad/elements [39m[32m200[39m [90m156 ms - 1163[39m
[35m[HTTP][39m [90m[39m
[35m[HTTP][39m [37m-->[39m [37mPOST[39m [37m/wd/hub/session/2a82655d-41d8-4354-a828-e9be1aa8e1ad/elements[39m
[35m[HTTP][39m [90m{"using":"-android uiautomator","value":"new UiSelector().className(\"android.widget.TextView\").text(\"Amount: $500.00\").resourceId(\"com.example.mikebanks.bankscorpfinancial:id/txt_transaction_amount\")"}[39m
[35m[HTTP][39m [37m<-- POST /wd/hub/session/2a82655d-41d8-4354-a828-e9be1aa8e1ad/elements [39m[32m200[39m [90m132 ms - 267[39m
[35m[HTTP][39m [90m[39m
[35m[HTTP][39m [37m-->[39m [37mPOST[39m [37m/wd/hub/session/2a82655d-41d8-4354-a828-e9be1aa8e1ad/timeouts[39m
[35m[HTTP][39m [90m{"implicit":1000}[39m
[35m[HTTP][39m [37m<-- POST /wd/hub/session/2a82655d-41d8-4354-a828-e9be1aa8e1ad/timeouts [39m[32m200[39m [90m2 ms - 14[39m
[35m[HTTP][39m [90m[39m
[35m[HTTP][39m [37m-->[39m [37mPOST[39m [37m/wd/hub/session/2a82655d-41d8-4354-a828-e9be1aa8e1ad/elements[39m
[35m[HTTP][39m [90m{"using":"xpath","value":"//hierarchy/android.widget.FrameLayout[1]/android.widget.LinearLayout[1]/android.widget.FrameLayout[1]/android.widget.LinearLayout[1]/android.widget.FrameLayout[1]/android.support.v4.widget.DrawerLayout[1]/android.view.ViewGroup[1]/android.widget.LinearLayout[1]/android.widget.FrameLayout[1]/android.view.ViewGroup[1]/android.widget.ListView[1]/android.view.ViewGroup[1]/android.widget.TextView[4]"}[39m
[35m[HTTP][39m [37m<-- POST /wd/hub/session/2a82655d-41d8-4354-a828-e9be1aa8e1ad/elements [39m[32m200[39m [90m260 ms - 139[39m
[35m[HTTP][39m [90m[39m
[35m[HTTP][39m [37m-->[39m [37mGET[39m [37m/wd/hub/session/2a82655d-41d8-4354-a828-e9be1aa8e1ad/element/00000000-0000-09a9-ffff-ffff0000058c/location[39m
[35m[HTTP][39m [90m{}[39m
[35m[W3C (2a82655d)][39m Driver proxy active, passing request on via HTTP proxy
[35m[WD Proxy][39m Replacing sessionId 5c76485c-9bf9-4ab5-a379-76efa9f16497 with 2a82655d-41d8-4354-a828-e9be1aa8e1ad
[35m[HTTP][39m [37m<-- GET /wd/hub/session/2a82655d-41d8-4354-a828-e9be1aa8e1ad/element/00000000-0000-09a9-ffff-ffff0000058c/location [39m[32m200[39m [90m34 ms - 78[39m
[35m[HTTP][39m [90m[39m
[35m[HTTP][39m [37m-->[39m [37mGET[39m [37m/wd/hub/session/2a82655d-41d8-4354-a828-e9be1aa8e1ad/element/00000000-0000-09a9-ffff-ffff0000058c/size[39m
[35m[HTTP][39m [90m{}[39m
[35m[W3C (2a82655d)][39m Driver proxy active, passing request on via HTTP proxy
[35m[WD Proxy][39m Replacing sessionId 5c76485c-9bf9-4ab5-a379-76efa9f16497 with 2a82655d-41d8-4354-a828-e9be1aa8e1ad
[35m[HTTP][39m [37m<-- GET /wd/hub/session/2a82655d-41d8-4354-a828-e9be1aa8e1ad/element/00000000-0000-09a9-ffff-ffff0000058c/size [39m[32m200[39m [90m25 ms - 86[39m
[35m[HTTP][39m [90m[39m
[35m[HTTP][39m [37m-->[39m [37mDELETE[39m [37m/wd/hub/session/2a82655d-41d8-4354-a828-e9be1aa8e1ad[39m
[35m[HTTP][39m [90m{}[39m
[35m[Appium][39m Removing session 2a82655d-41d8-4354-a828-e9be1aa8e1ad from our master session list
[35m[UiAutomator2][39m Restoring hidden api policy to the device default configuration
[35m[HTTP][39m [37m<-- DELETE /wd/hub/session/2a82655d-41d8-4354-a828-e9be1aa8e1ad [39m[32m200[39m [90m489 ms - 14[39m
[35m[HTTP][39m [90m[39m
